<?xml version="1.0" encoding="UTF-8"?>
<!-- Generated by org.testng.reporters.JUnitXMLReporter -->
<testsuite ignored="0" hostname="DESKTOP-DELL" failures="1" tests="6" name="Test" time="41.112" errors="0" timestamp="2020-08-12T22:00:47 IST">
  <testcase classname="com.testScript.TestAppScript" name="testLoginPage" time="10.347"/>
  <testcase classname="com.testScript.TestAppScript" name="testVerifyLogo" time="1.554">
    <failure type="java.lang.AssertionError" message="expected [Flipkart] but found [Supermart]">
      <![CDATA[java.lang.AssertionError: expected [Flipkart] but found [Supermart]
at com.testScript.AppScript.verifyLogo(AppScript.java:131)
at com.testScript.TestAppScript.testVerifyLogo(TestAppScript.java:18)
at java.base/java.util.ArrayList.forEach(ArrayList.java:1540)
... Removed 35 stack frames]]>
    </failure>
  </testcase> <!-- testVerifyLogo -->
  <testcase classname="com.testScript.TestAppScript" name="testProductSelection" time="6.24"/>
  <testcase classname="com.testScript.TestAppScript" name="testAddToBasket" time="1.48"/>
  <testcase classname="com.testScript.TestAppScript" name="testComparePrice" time="0.016"/>
  <testcase classname="com.testScript.TestAppScript" name="detailsOfTestCases" time="0.036"/>
</testsuite> <!-- Test -->
