<?xml version="1.0" encoding="UTF-8"?>
<!-- Generated by org.testng.reporters.JUnitXMLReporter -->
<testsuite ignored="0" hostname="DESKTOP-DELL" failures="1" tests="6" name="Test" time="34.642" errors="0" timestamp="2020-06-26T14:31:49 IST">
  <testcase classname="com.testScript.TestAppScript" name="testLoginPage" time="5.345"/>
  <testcase classname="com.testScript.TestAppScript" name="testVerifyLogo" time="0.175">
    <failure type="java.lang.AssertionError" message="expected [Flipkart] but found [Supermart]">
      <![CDATA[java.lang.AssertionError: expected [Flipkart] but found [Supermart]
at com.testScript.AppScript.verifyLogo(AppScript.java:134)
at com.testScript.TestAppScript.testVerifyLogo(TestAppScript.java:19)
at java.base/java.util.ArrayList.forEach(ArrayList.java:1540)
... Removed 32 stack frames]]>
    </failure>
  </testcase> <!-- testVerifyLogo -->
  <testcase classname="com.testScript.TestAppScript" name="testProductSelection" time="5.508"/>
  <testcase classname="com.testScript.TestAppScript" name="testAddToBasket" time="2.039"/>
  <testcase classname="com.testScript.TestAppScript" name="testComparePrice" time="0.295"/>
  <testcase classname="com.testScript.TestAppScript" name="detailsoftestcases" time="0.009"/>
</testsuite> <!-- Test -->
