<?xml version="1.0" encoding="UTF-8"?>
<testng-results ignored="0" total="6" passed="5" failed="1" skipped="0">
  <reporter-output>
    <line>
      <![CDATA[Able to capture Screenshot]]>
    </line>
    <line>
      <![CDATA[Product Title: Dettol Original Liquid Hand Wash Refill Hand Wash Bottl...]]>
    </line>
    <line>
      <![CDATA[Product price: 149]]>
    </line>
    <line>
      <![CDATA[Delivery Charges: 50]]>
    </line>
    <line>
      <![CDATA[Delivery Charges + Product price = 199]]>
    </line>
    <line>
      <![CDATA[All price are different]]>
    </line>
    <line>
      <![CDATA[Total price for the product is not equal to total amount to be paid]]>
    </line>
  </reporter-output>
  <suite started-at="2020-06-26T14:31:14 IST" name="Suite" finished-at="2020-06-26T14:31:49 IST" duration-ms="34642">
    <groups>
      <group name="testMethods">
        <method signature="TestAppScript.testLoginPage()[pri:0, instance:com.testScript.TestAppScript@c03cf28]" name="testLoginPage" class="com.testScript.TestAppScript"/>
      </group> <!-- testMethods -->
    </groups>
    <test started-at="2020-06-26T14:31:14 IST" name="Test" finished-at="2020-06-26T14:31:49 IST" duration-ms="34642">
      <class name="com.testScript.TestAppScript">
        <test-method is-config="true" signature="setReport()[pri:0, instance:com.testScript.TestAppScript@c03cf28]" started-at="2020-06-26T14:31:14 IST" name="setReport" finished-at="2020-06-26T14:31:14 IST" duration-ms="717" status="PASS">
          <reporter-output>
          </reporter-output>
        </test-method> <!-- setReport -->
        <test-method is-config="true" signature="preCondition(java.lang.String)[pri:0, instance:com.testScript.TestAppScript@c03cf28]" started-at="2020-06-26T14:31:14 IST" name="preCondition" finished-at="2020-06-26T14:31:28 IST" duration-ms="13352" status="PASS">
          <params>
            <param index="0">
              <value>
                <![CDATA[firefox]]>
              </value>
            </param>
          </params>
          <reporter-output>
          </reporter-output>
        </test-method> <!-- preCondition -->
        <test-method signature="testLoginPage()[pri:0, instance:com.testScript.TestAppScript@c03cf28]" started-at="2020-06-26T14:31:28 IST" name="testLoginPage" description="this method is used to login in an application" finished-at="2020-06-26T14:31:33 IST" duration-ms="5345" status="PASS">
          <reporter-output>
          </reporter-output>
        </test-method> <!-- testLoginPage -->
        <test-method is-config="true" signature="captureScreenshot(org.testng.ITestResult)[pri:0, instance:com.testScript.TestAppScript@c03cf28]" started-at="2020-06-26T14:31:33 IST" name="captureScreenshot" finished-at="2020-06-26T14:31:34 IST" duration-ms="857" status="PASS">
          <params>
            <param index="0">
              <value>
                <![CDATA[[TestResult name=testLoginPage status=SUCCESS method=TestAppScript.testLoginPage()[pri:0, instance:com.testScript.TestAppScript@c03cf28] output={null}]]]>
              </value>
            </param>
          </params>
          <reporter-output>
          </reporter-output>
        </test-method> <!-- captureScreenshot -->
        <test-method signature="testVerifyLogo()[pri:1, instance:com.testScript.TestAppScript@c03cf28]" started-at="2020-06-26T14:31:34 IST" name="testVerifyLogo" description="this method is used to verify logo of application" depends-on-groups="testMethods" finished-at="2020-06-26T14:31:34 IST" duration-ms="175" status="FAIL">
          <exception class="java.lang.AssertionError">
            <message>
              <![CDATA[expected [Flipkart] but found [Supermart]]]>
            </message>
            <full-stacktrace>
              <![CDATA[java.lang.AssertionError: expected [Flipkart] but found [Supermart]
at org.testng.Assert.fail(Assert.java:97)
at org.testng.Assert.assertEqualsImpl(Assert.java:136)
at org.testng.Assert.assertEquals(Assert.java:118)
at org.testng.Assert.assertEquals(Assert.java:575)
at org.testng.Assert.assertEquals(Assert.java:585)
at com.testScript.AppScript.verifyLogo(AppScript.java:134)
at com.testScript.TestAppScript.testVerifyLogo(TestAppScript.java:19)
at java.base/jdk.internal.reflect.NativeMethodAccessorImpl.invoke0(Native Method)
at java.base/jdk.internal.reflect.NativeMethodAccessorImpl.invoke(NativeMethodAccessorImpl.java:62)
at java.base/jdk.internal.reflect.DelegatingMethodAccessorImpl.invoke(DelegatingMethodAccessorImpl.java:43)
at java.base/java.lang.reflect.Method.invoke(Method.java:566)
at org.testng.internal.MethodInvocationHelper.invokeMethod(MethodInvocationHelper.java:134)
at org.testng.internal.TestInvoker.invokeMethod(TestInvoker.java:597)
at org.testng.internal.TestInvoker.invokeTestMethod(TestInvoker.java:173)
at org.testng.internal.MethodRunner.runInSequence(MethodRunner.java:46)
at org.testng.internal.TestInvoker$MethodInvocationAgent.invoke(TestInvoker.java:816)
at org.testng.internal.TestInvoker.invokeTestMethods(TestInvoker.java:146)
at org.testng.internal.TestMethodWorker.invokeTestMethods(TestMethodWorker.java:146)
at org.testng.internal.TestMethodWorker.run(TestMethodWorker.java:128)
at java.base/java.util.ArrayList.forEach(ArrayList.java:1540)
at org.testng.TestRunner.privateRun(TestRunner.java:766)
at org.testng.TestRunner.run(TestRunner.java:587)
at org.testng.SuiteRunner.runTest(SuiteRunner.java:384)
at org.testng.SuiteRunner.runSequentially(SuiteRunner.java:378)
at org.testng.SuiteRunner.privateRun(SuiteRunner.java:337)
at org.testng.SuiteRunner.run(SuiteRunner.java:286)
at org.testng.SuiteRunnerWorker.runSuite(SuiteRunnerWorker.java:53)
at org.testng.SuiteRunnerWorker.run(SuiteRunnerWorker.java:96)
at org.testng.TestNG.runSuitesSequentially(TestNG.java:1187)
at org.testng.TestNG.runSuitesLocally(TestNG.java:1109)
at org.testng.TestNG.runSuites(TestNG.java:1039)
at org.testng.TestNG.run(TestNG.java:1007)
at org.testng.remote.AbstractRemoteTestNG.run(AbstractRemoteTestNG.java:115)
at org.testng.remote.RemoteTestNG.initAndRun(RemoteTestNG.java:251)
at org.testng.remote.RemoteTestNG.main(RemoteTestNG.java:77)
]]>
            </full-stacktrace>
          </exception> <!-- java.lang.AssertionError -->
          <reporter-output>
          </reporter-output>
        </test-method> <!-- testVerifyLogo -->
        <test-method is-config="true" signature="captureScreenshot(org.testng.ITestResult)[pri:0, instance:com.testScript.TestAppScript@c03cf28]" started-at="2020-06-26T14:31:34 IST" name="captureScreenshot" finished-at="2020-06-26T14:31:35 IST" duration-ms="600" status="PASS">
          <params>
            <param index="0">
              <value>
                <![CDATA[[TestResult name=testVerifyLogo status=FAILURE method=TestAppScript.testVerifyLogo()[pri:1, instance:com.testScript.TestAppScript@c03cf28] output={null}]]]>
              </value>
            </param>
          </params>
          <reporter-output>
            <line>
              <![CDATA[Able to capture Screenshot]]>
            </line>
          </reporter-output>
        </test-method> <!-- captureScreenshot -->
        <test-method signature="testProductSelection()[pri:2, instance:com.testScript.TestAppScript@c03cf28]" started-at="2020-06-26T14:31:35 IST" name="testProductSelection" description="this method is used to select product from product page" depends-on-groups="testMethods" finished-at="2020-06-26T14:31:40 IST" duration-ms="5508" status="PASS">
          <reporter-output>
            <line>
              <![CDATA[Product Title: Dettol Original Liquid Hand Wash Refill Hand Wash Bottl...]]>
            </line>
            <line>
              <![CDATA[Product price: 149]]>
            </line>
          </reporter-output>
        </test-method> <!-- testProductSelection -->
        <test-method is-config="true" signature="captureScreenshot(org.testng.ITestResult)[pri:0, instance:com.testScript.TestAppScript@c03cf28]" started-at="2020-06-26T14:31:40 IST" name="captureScreenshot" finished-at="2020-06-26T14:31:40 IST" duration-ms="185" status="PASS">
          <params>
            <param index="0">
              <value>
                <![CDATA[[TestResult name=testProductSelection status=SUCCESS method=TestAppScript.testProductSelection()[pri:2, instance:com.testScript.TestAppScript@c03cf28] output=Product Title: Dettol Original Liquid Hand Wash Refill Hand Wash Bottl...]]]>
              </value>
            </param>
          </params>
          <reporter-output>
          </reporter-output>
        </test-method> <!-- captureScreenshot -->
        <test-method signature="testAddToBasket()[pri:0, instance:com.testScript.TestAppScript@c03cf28]" started-at="2020-06-26T14:31:40 IST" name="testAddToBasket" description="this method is used to add a selected product to the basket" finished-at="2020-06-26T14:31:42 IST" depends-on-methods="com.testScript.TestAppScript.testProductSelection" duration-ms="2039" status="PASS">
          <reporter-output>
          </reporter-output>
        </test-method> <!-- testAddToBasket -->
        <test-method is-config="true" signature="captureScreenshot(org.testng.ITestResult)[pri:0, instance:com.testScript.TestAppScript@c03cf28]" started-at="2020-06-26T14:31:42 IST" name="captureScreenshot" finished-at="2020-06-26T14:31:43 IST" duration-ms="142" status="PASS">
          <params>
            <param index="0">
              <value>
                <![CDATA[[TestResult name=testAddToBasket status=SUCCESS method=TestAppScript.testAddToBasket()[pri:0, instance:com.testScript.TestAppScript@c03cf28] output={null}]]]>
              </value>
            </param>
          </params>
          <reporter-output>
          </reporter-output>
        </test-method> <!-- captureScreenshot -->
        <test-method signature="testComparePrice()[pri:0, instance:com.testScript.TestAppScript@c03cf28]" started-at="2020-06-26T14:31:43 IST" name="testComparePrice" description="this method is used to compare the price whether it is same or not" finished-at="2020-06-26T14:31:43 IST" depends-on-methods="com.testScript.TestAppScript.testAddToBasket" duration-ms="295" status="PASS">
          <reporter-output>
            <line>
              <![CDATA[Delivery Charges: 50]]>
            </line>
            <line>
              <![CDATA[Delivery Charges + Product price = 199]]>
            </line>
            <line>
              <![CDATA[All price are different]]>
            </line>
            <line>
              <![CDATA[Total price for the product is not equal to total amount to be paid]]>
            </line>
          </reporter-output>
        </test-method> <!-- testComparePrice -->
        <test-method is-config="true" signature="captureScreenshot(org.testng.ITestResult)[pri:0, instance:com.testScript.TestAppScript@c03cf28]" started-at="2020-06-26T14:31:43 IST" name="captureScreenshot" finished-at="2020-06-26T14:31:43 IST" duration-ms="123" status="PASS">
          <params>
            <param index="0">
              <value>
                <![CDATA[[TestResult name=testComparePrice status=SUCCESS method=TestAppScript.testComparePrice()[pri:0, instance:com.testScript.TestAppScript@c03cf28] output=Delivery Charges: 50]]]>
              </value>
            </param>
          </params>
          <reporter-output>
          </reporter-output>
        </test-method> <!-- captureScreenshot -->
        <test-method signature="detailsoftestcases()[pri:0, instance:com.testScript.TestAppScript@c03cf28]" started-at="2020-06-26T14:31:43 IST" name="detailsoftestcases" finished-at="2020-06-26T14:31:43 IST" depends-on-methods="com.testScript.TestAppScript.testComparePrice, com.testScript.TestAppScript.testAddToBasket, com.testScript.TestAppScript.testLoginPage, com.testScript.TestAppScript.testProductSelection" duration-ms="9" status="PASS">
          <reporter-output>
          </reporter-output>
        </test-method> <!-- detailsoftestcases -->
        <test-method is-config="true" signature="captureScreenshot(org.testng.ITestResult)[pri:0, instance:com.testScript.TestAppScript@c03cf28]" started-at="2020-06-26T14:31:43 IST" name="captureScreenshot" finished-at="2020-06-26T14:31:43 IST" duration-ms="121" status="PASS">
          <params>
            <param index="0">
              <value>
                <![CDATA[[TestResult name=detailsoftestcases status=SUCCESS method=TestAppScript.detailsoftestcases()[pri:0, instance:com.testScript.TestAppScript@c03cf28] output={null}]]]>
              </value>
            </param>
          </params>
          <reporter-output>
          </reporter-output>
        </test-method> <!-- captureScreenshot -->
        <test-method is-config="true" signature="postCondition()[pri:0, instance:com.testScript.TestAppScript@c03cf28]" started-at="2020-06-26T14:31:43 IST" name="postCondition" finished-at="2020-06-26T14:31:49 IST" duration-ms="5799" status="PASS">
          <reporter-output>
          </reporter-output>
        </test-method> <!-- postCondition -->
      </class> <!-- com.testScript.TestAppScript -->
    </test> <!-- Test -->
  </suite> <!-- Suite -->
</testng-results>
